0.6354 	WARNING 	We strongly recommend you activate the PTB sound engine in PsychoPy prefs as the preferred audio engine. Its timing is vastly superior. Your prefs are currently set to use ['sounddevice', 'PTB', 'pyo', 'pygame'] (in that order).
6.2443 	INFO 	Loaded monitor calibration from ['2021_12_02 12:08']
6.7990 	EXP 	Created window1 = Window(allowGUI=False, allowStencil=False, autoLog=True, backendConf=UNKNOWN, bitsMode=UNKNOWN, blendMode='avg', bpc=(8, 8, 8), color=array([0, 0, 0]), colorSpace='rgb', depthBits=8, fullscr=<method-wrapper '__getattribute__' of attributeSetter object at 0x7ff452fb79b0>, gamma=None, gammaErrorPolicy='raise', lms=UNKNOWN, monitor=<psychopy.monitors.calibTools.Monitor object at 0x7ff452a00f60>, multiSample=False, name='window1', numSamples=2, pos=[640.0, 360.0], screen=0, size=array([5120, 2880]), stencilBits=0, stereo=False, units='height', useFBO=True, useRetina=True, viewOri=0.0, viewPos=None, viewScale=None, waitBlanking=True, winType='pyglet')
6.7992 	EXP 	window1: mouseVisible = True
6.7993 	EXP 	window1: recordFrameIntervals = False
6.9649 	EXP 	window1: recordFrameIntervals = True
7.1487 	DEBUG 	Screen (0) actual frame rate measured at 59.96
7.1487 	EXP 	window1: recordFrameIntervals = False
7.9075 	INFO 	keyboard.Keyboard is using ptb backend.
7.9749 	EXP 	Created welcom_ins = ImageStim(__class__=<class 'psychopy.visual.image.ImageStim'>, autoLog=True, color=array([1., 1., 1.]), colorSpace='rgb', contrast=1.0, depth=0.0, flipHoriz=False, flipVert=False, image='welcome.png', interpolate=True, mask=None, maskParams=None, name='welcom_ins', opacity=1, ori=0.0, pos=array([0., 0.]), size=array([1.65, 1.  ]), texRes=512, units='height', win=Window(...))
8.0779 	INFO 	keyboard.Keyboard is using ptb backend.
8.1416 	EXP 	Created instru1 = ImageStim(__class__=<class 'psychopy.visual.image.ImageStim'>, autoLog=True, color=array([1., 1., 1.]), colorSpace='rgb', contrast=1.0, depth=0.0, flipHoriz=False, flipVert=False, image='instruction1.png', interpolate=True, mask=None, maskParams=None, name='instru1', opacity=1, ori=0.0, pos=array([0., 0.]), size=array([1.65, 1.  ]), texRes=512, units='height', win=Window(...))
8.2452 	INFO 	keyboard.Keyboard is using ptb backend.
8.3011 	EXP 	Created instru2 = ImageStim(__class__=<class 'psychopy.visual.image.ImageStim'>, autoLog=True, color=array([1., 1., 1.]), colorSpace='rgb', contrast=1.0, depth=0.0, flipHoriz=False, flipVert=False, image='instruction2.png', interpolate=True, mask=None, maskParams=None, name='instru2', opacity=1, ori=0.0, pos=array([0., 0.]), size=array([1.65, 1.  ]), texRes=512, units='height', win=Window(...))
8.4039 	INFO 	keyboard.Keyboard is using ptb backend.
8.4606 	EXP 	Created instru3 = ImageStim(__class__=<class 'psychopy.visual.image.ImageStim'>, autoLog=True, color=array([1., 1., 1.]), colorSpace='rgb', contrast=1.0, depth=0.0, flipHoriz=False, flipVert=False, image='instruction3.png', interpolate=True, mask=None, maskParams=None, name='instru3', opacity=1, ori=0.0, pos=array([0., 0.]), size=array([1.65, 1.  ]), texRes=512, units='height', win=Window(...))
8.5617 	INFO 	keyboard.Keyboard is using ptb backend.
8.8696 	EXP 	Created instru4 = ImageStim(__class__=<class 'psychopy.visual.image.ImageStim'>, autoLog=True, color=array([1., 1., 1.]), colorSpace='rgb', contrast=1.0, depth=0.0, flipHoriz=False, flipVert=False, image='instruction4.jpg', interpolate=True, mask=None, maskParams=None, name='instru4', opacity=1, ori=0.0, pos=array([0., 0.]), size=array([1.65, 1.  ]), texRes=512, units='height', win=Window(...))
8.9703 	INFO 	keyboard.Keyboard is using ptb backend.
9.4336 	EXP 	Created instru5 = ImageStim(__class__=<class 'psychopy.visual.image.ImageStim'>, autoLog=True, color=array([1., 1., 1.]), colorSpace='rgb', contrast=1.0, depth=0.0, flipHoriz=False, flipVert=False, image='instruction5.jpg', interpolate=True, mask=None, maskParams=None, name='instru5', opacity=1, ori=0.0, pos=array([0., 0.]), size=array([1.65, 1.  ]), texRes=512, units='height', win=Window(...))
9.5336 	INFO 	keyboard.Keyboard is using ptb backend.
9.9946 	EXP 	Created instru6 = ImageStim(__class__=<class 'psychopy.visual.image.ImageStim'>, autoLog=True, color=array([1., 1., 1.]), colorSpace='rgb', contrast=1.0, depth=0.0, flipHoriz=False, flipVert=False, image='instruction6.jpg', interpolate=True, mask=None, maskParams=None, name='instru6', opacity=1, ori=0.0, pos=array([0., 0.]), size=array([1.65, 1.  ]), texRes=512, units='height', win=Window(...))
10.0958 	INFO 	keyboard.Keyboard is using ptb backend.
10.5403 	EXP 	Created recap_instru = ImageStim(__class__=<class 'psychopy.visual.image.ImageStim'>, autoLog=True, color=array([1., 1., 1.]), colorSpace='rgb', contrast=1.0, depth=0.0, flipHoriz=False, flipVert=False, image='recap.jpg', interpolate=True, mask=None, maskParams=None, name='recap_instru', opacity=1, ori=0.0, pos=array([0., 0.]), size=array([1.65, 1.  ]), texRes=512, units='height', win=Window(...))
10.6405 	INFO 	keyboard.Keyboard is using ptb backend.
10.6611 	EXP 	Created fixation = TextStim(__class__=<class 'psychopy.visual.text.TextStim'>, alignHoriz=method-wrapper(...), alignText='center', alignVert=method-wrapper(...), anchorHoriz='center', anchorVert='center', antialias=True, autoLog=True, bold=False, color=array([1., 1., 1.]), colorSpace='rgb', contrast=1.0, depth=0.0, flipHoriz=False, flipVert=False, font='Arial', fontFiles=[], height=0.1, italic=False, languageStyle='LTR', name='fixation', opacity=1, ori=0, pos=array([0., 0.]), rgb=UNKNOWN, text='+', units='height', win=Window(...), wrapWidth=1)
10.6732 	EXP 	Created left_gabor = ImageStim(__class__=<class 'psychopy.visual.image.ImageStim'>, autoLog=True, color=array([1., 1., 1.]), colorSpace='rgb', contrast=1.0, depth=-1.0, flipHoriz=False, flipVert=False, image='gabor.png', interpolate=True, mask=None, maskParams=None, name='left_gabor', opacity=1, ori=1.0, pos=array([-0.25,  0.  ]), size=array([0.3, 0.3]), texRes=512, units='height', win=Window(...))
10.6841 	EXP 	Created right_gabor = ImageStim(__class__=<class 'psychopy.visual.image.ImageStim'>, autoLog=True, color=array([1., 1., 1.]), colorSpace='rgb', contrast=1.0, depth=-2.0, flipHoriz=False, flipVert=False, image='gabor.png', interpolate=True, mask=None, maskParams=None, name='right_gabor', opacity=1, ori=1.0, pos=array([0.25, 0.  ]), size=array([0.3, 0.3]), texRes=512, units='height', win=Window(...))
10.6862 	EXP 	Created fixation2 = TextStim(__class__=<class 'psychopy.visual.text.TextStim'>, alignHoriz=method-wrapper(...), alignText='center', alignVert=method-wrapper(...), anchorHoriz='center', anchorVert='center', antialias=True, autoLog=True, bold=False, color=array([1., 1., 1.]), colorSpace='rgb', contrast=1.0, depth=0.0, flipHoriz=False, flipVert=False, font='Arial', fontFiles=[], height=0.1, italic=False, languageStyle='LTR', name='fixation2', opacity=1, ori=0, pos=array([0., 0.]), rgb=UNKNOWN, text='+', units='height', win=Window(...), wrapWidth=1)
10.7000 	EXP 	Created left_distractor_prac = ImageStim(__class__=<class 'psychopy.visual.image.ImageStim'>, autoLog=True, color=array([1., 1., 1.]), colorSpace='rgb', contrast=1.0, depth=-1.0, flipHoriz=False, flipVert=False, image='gabor.png', interpolate=True, mask=None, maskParams=None, name='left_distractor_prac', opacity=1, ori=1.0, pos=array([-0.25,  0.  ]), size=array([0.3, 0.3]), texRes=512, units='height', win=Window(...))
10.7114 	EXP 	Created right_distractor_prac = ImageStim(__class__=<class 'psychopy.visual.image.ImageStim'>, autoLog=True, color=array([1., 1., 1.]), colorSpace='rgb', contrast=1.0, depth=-2.0, flipHoriz=False, flipVert=False, image='gabor.png', interpolate=True, mask=None, maskParams=None, name='right_distractor_prac', opacity=1, ori=1.0, pos=array([0.25, 0.  ]), size=array([0.3, 0.3]), texRes=512, units='height', win=Window(...))
10.7237 	EXP 	Created cue_text = TextStim(__class__=<class 'psychopy.visual.text.TextStim'>, alignHoriz=method-wrapper(...), alignText='center', alignVert=method-wrapper(...), anchorHoriz='center', anchorVert='center', antialias=True, autoLog=True, bold=False, color=array([1., 1., 1.]), colorSpace='rgb', contrast=1.0, depth=-1.0, flipHoriz=False, flipVert=False, font='Arial', fontFiles=[], height=0.1, italic=False, languageStyle='LTR', name='cue_text', opacity=1, ori=0, pos=array([0. , 0.2]), rgb=UNKNOWN, text='cue will be set in code', units='height', win=Window(...), wrapWidth=1)
10.7256 	EXP 	Created fixation3 = TextStim(__class__=<class 'psychopy.visual.text.TextStim'>, alignHoriz=method-wrapper(...), alignText='center', alignVert=method-wrapper(...), anchorHoriz='center', anchorVert='center', antialias=True, autoLog=True, bold=False, color=array([1., 1., 1.]), colorSpace='rgb', contrast=1.0, depth=-2.0, flipHoriz=False, flipVert=False, font='Arial', fontFiles=[], height=0.1, italic=False, languageStyle='LTR', name='fixation3', opacity=1, ori=0, pos=array([0., 0.]), rgb=UNKNOWN, text='+', units='height', win=Window(...), wrapWidth=1)
10.7384 	EXP 	Created cue_resp = TextStim(__class__=<class 'psychopy.visual.text.TextStim'>, alignHoriz=method-wrapper(...), alignText='center', alignVert=method-wrapper(...), anchorHoriz='center', anchorVert='center', antialias=True, autoLog=True, bold=False, color=array([1., 1., 1.]), colorSpace='rgb', contrast=1.0, depth=0.0, flipHoriz=False, flipVert=False, font='Arial', fontFiles=[], height=0.1, italic=False, languageStyle='LTR', name='cue_resp', opacity=1, ori=0, pos=array([0. , 0.2]), rgb=UNKNOWN, text='Any text\n\nincluding line breaks', units='height', win=Window(...), wrapWidth=1)
10.7506 	EXP 	Created probe = ImageStim(__class__=<class 'psychopy.visual.image.ImageStim'>, autoLog=True, color=array([1., 1., 1.]), colorSpace='rgb', contrast=1.0, depth=-1.0, flipHoriz=False, flipVert=False, image='gabor.png', interpolate=True, mask=None, maskParams=None, name='probe', opacity=1, ori=1.0, pos=array([0., 0.]), size=array([0.3, 0.3]), texRes=512, units='height', win=Window(...))
10.7508 	EXP 	window1: mouseVisible = True
10.7565 	EXP 	Created feedback_text = TextStim(__class__=<class 'psychopy.visual.text.TextStim'>, alignHoriz=method-wrapper(...), alignText='center', alignVert=method-wrapper(...), anchorHoriz='center', anchorVert='center', antialias=True, autoLog=True, bold=False, color=array([1., 1., 1.]), colorSpace='rgb', contrast=1.0, depth=-1.0, flipHoriz=False, flipVert=False, font='Arial', fontFiles=[], height=0.1, italic=False, languageStyle='LTR', name='feedback_text', opacity=1, ori=0, pos=array([0., 0.]), rgb=UNKNOWN, text='Any text\n\nincluding line breaks', units='height', win=Window(...), wrapWidth=1)
10.7585 	EXP 	Created buffer = TextStim(__class__=<class 'psychopy.visual.text.TextStim'>, alignHoriz=method-wrapper(...), alignText='center', alignVert=method-wrapper(...), anchorHoriz='center', anchorVert='center', antialias=True, autoLog=True, bold=False, color=array([1., 1., 1.]), colorSpace='rgb', contrast=1.0, depth=0.0, flipHoriz=False, flipVert=False, font='Arial', fontFiles=[], height=0.1, italic=False, languageStyle='LTR', name='buffer', opacity=1, ori=0, pos=array([0., 0.]), rgb=UNKNOWN, text='+', units='height', win=Window(...), wrapWidth=1)
10.7631 	EXP 	Created end_feedback_text = TextStim(__class__=<class 'psychopy.visual.text.TextStim'>, alignHoriz=method-wrapper(...), alignText='center', alignVert=method-wrapper(...), anchorHoriz='center', anchorVert='center', antialias=True, autoLog=True, bold=False, color=array([1., 1., 1.]), colorSpace='rgb', contrast=1.0, depth=-1.0, flipHoriz=False, flipVert=False, font='Arial', fontFiles=[], height=0.1, italic=False, languageStyle='LTR', name='end_feedback_text', opacity=1, ori=0, pos=array([0., 0.]), rgb=UNKNOWN, text='Any text\n\nincluding line breaks', units='height', win=Window(...), wrapWidth=1)
10.8628 	INFO 	keyboard.Keyboard is using ptb backend.
10.8868 	EXP 	Created begin_text = TextStim(__class__=<class 'psychopy.visual.text.TextStim'>, alignHoriz=method-wrapper(...), alignText='center', alignVert=method-wrapper(...), anchorHoriz='center', anchorVert='center', antialias=True, autoLog=True, bold=False, color=array([1., 1., 1.]), colorSpace='rgb', contrast=1.0, depth=0.0, flipHoriz=False, flipVert=False, font='Arial', fontFiles=[], height=0.08, italic=False, languageStyle='LTR', name='begin_text', opacity=1, ori=0, pos=array([0., 0.]), rgb=UNKNOWN, text=str(...), units='height', win=Window(...), wrapWidth=1)
10.9868 	INFO 	keyboard.Keyboard is using ptb backend.
10.9890 	EXP 	Created fix_cross = TextStim(__class__=<class 'psychopy.visual.text.TextStim'>, alignHoriz=method-wrapper(...), alignText='center', alignVert=method-wrapper(...), anchorHoriz='center', anchorVert='center', antialias=True, autoLog=True, bold=False, color=array([1., 1., 1.]), colorSpace='rgb', contrast=1.0, depth=0.0, flipHoriz=False, flipVert=False, font='Arial', fontFiles=[], height=0.1, italic=False, languageStyle='LTR', name='fix_cross', opacity=1, ori=0, pos=array([0., 0.]), rgb=UNKNOWN, text='+', units='height', win=Window(...), wrapWidth=1)
11.0053 	EXP 	Created left_target = ImageStim(__class__=<class 'psychopy.visual.image.ImageStim'>, autoLog=True, color=array([1., 1., 1.]), colorSpace='rgb', contrast=1.0, depth=-1.0, flipHoriz=False, flipVert=False, image='gabor.png', interpolate=True, mask=None, maskParams=None, name='left_target', opacity=1, ori=1.0, pos=array([-0.25,  0.  ]), size=array([0.3, 0.3]), texRes=512, units='height', win=Window(...))
11.0201 	EXP 	Created right_target = ImageStim(__class__=<class 'psychopy.visual.image.ImageStim'>, autoLog=True, color=array([1., 1., 1.]), colorSpace='rgb', contrast=1.0, depth=-2.0, flipHoriz=False, flipVert=False, image='gabor.png', interpolate=True, mask=None, maskParams=None, name='right_target', opacity=1, ori=1.0, pos=array([0.25, 0.  ]), size=array([0.3, 0.3]), texRes=512, units='height', win=Window(...))
11.5662 	EXP 	window1: mouseVisible = True
11.5671 	DEBUG 	Saving data for circle_rotation_short_EEG ExperimentHandler
11.5675 	INFO 	saved data to /Users/xitchen/Desktop/WM_Precision_thalap_EEG/data/44444_circle_rotation_short_EEG_2022_Nov_30_1426.psydat
11.5678 	INFO 	saved data to '/Users/xitchen/Desktop/WM_Precision_thalap_EEG/data/44444_circle_rotation_short_EEG_2022_Nov_30_1426.csv'
