0.8762 	WARNING 	We strongly recommend you activate the PTB sound engine in PsychoPy prefs as the preferred audio engine. Its timing is vastly superior. Your prefs are currently set to use ['sounddevice', 'PTB', 'pyo', 'pygame'] (in that order).
74.6988 	INFO 	Loaded monitor calibration from ['2020_02_03 13:38']
76.9112 	WARNING 	Couldn't measure a consistent frame rate.
  - Is your graphics card set to sync to vertical blank?
  - Are you running other processes on your computer?

76.9133 	EXP 	Created window1 = Window(allowGUI=False, allowStencil=False, autoLog=True, backendConf=UNKNOWN, bitsMode=UNKNOWN, blendMode='avg', bpc=(8, 8, 8), color=array([0, 0, 0]), colorSpace='rgb', depthBits=8, fullscr=<method-wrapper '__getattribute__' of attributeSetter object at 0x7fb3db6f3ac8>, gamma=None, gammaErrorPolicy='raise', lms=UNKNOWN, monitor=<psychopy.monitors.calibTools.Monitor object at 0x7fb3db62a908>, multiSample=False, name='window1', numSamples=2, pos=[448.0, 280.0], screen=0, size=array([3584, 2240]), stencilBits=0, stereo=False, units='height', useFBO=True, useRetina=True, viewOri=0.0, viewPos=None, viewScale=None, waitBlanking=True, winType='pyglet')
76.9137 	EXP 	window1: mouseVisible = True
76.9137 	EXP 	window1: recordFrameIntervals = False
77.0749 	EXP 	window1: recordFrameIntervals = True
78.3942 	WARNING 	t of last frame was 21.45ms (=1/46)
78.7398 	WARNING 	Couldn't measure a consistent frame rate.
  - Is your graphics card set to sync to vertical blank?
  - Are you running other processes on your computer?

80.8493 	INFO 	keyboard.Keyboard is using ptb backend.
80.9547 	EXP 	Created welcom_ins = ImageStim(__class__=<class 'psychopy.visual.image.ImageStim'>, autoLog=True, color=array([1., 1., 1.]), colorSpace='rgb', contrast=1.0, depth=0.0, flipHoriz=False, flipVert=False, image='welcome.png', interpolate=True, mask=None, maskParams=None, name='welcom_ins', opacity=1, ori=0.0, pos=array([0., 0.]), size=array([1.65, 1.  ]), texRes=512, units='height', win=Window(...))
81.3543 	INFO 	keyboard.Keyboard is using ptb backend.
81.4239 	EXP 	Created instru1 = ImageStim(__class__=<class 'psychopy.visual.image.ImageStim'>, autoLog=True, color=array([1., 1., 1.]), colorSpace='rgb', contrast=1.0, depth=0.0, flipHoriz=False, flipVert=False, image='instruction1.png', interpolate=True, mask=None, maskParams=None, name='instru1', opacity=1, ori=0.0, pos=array([0., 0.]), size=array([1.65, 1.  ]), texRes=512, units='height', win=Window(...))
81.8149 	INFO 	keyboard.Keyboard is using ptb backend.
81.8844 	EXP 	Created instru2 = ImageStim(__class__=<class 'psychopy.visual.image.ImageStim'>, autoLog=True, color=array([1., 1., 1.]), colorSpace='rgb', contrast=1.0, depth=0.0, flipHoriz=False, flipVert=False, image='instruction2.png', interpolate=True, mask=None, maskParams=None, name='instru2', opacity=1, ori=0.0, pos=array([0., 0.]), size=array([1.65, 1.  ]), texRes=512, units='height', win=Window(...))
82.2710 	INFO 	keyboard.Keyboard is using ptb backend.
82.3362 	EXP 	Created instru3 = ImageStim(__class__=<class 'psychopy.visual.image.ImageStim'>, autoLog=True, color=array([1., 1., 1.]), colorSpace='rgb', contrast=1.0, depth=0.0, flipHoriz=False, flipVert=False, image='instruction3.png', interpolate=True, mask=None, maskParams=None, name='instru3', opacity=1, ori=0.0, pos=array([0., 0.]), size=array([1.65, 1.  ]), texRes=512, units='height', win=Window(...))
82.7322 	INFO 	keyboard.Keyboard is using ptb backend.
83.1274 	EXP 	Created instru4 = ImageStim(__class__=<class 'psychopy.visual.image.ImageStim'>, autoLog=True, color=array([1., 1., 1.]), colorSpace='rgb', contrast=1.0, depth=0.0, flipHoriz=False, flipVert=False, image='instruction4.png', interpolate=True, mask=None, maskParams=None, name='instru4', opacity=1, ori=0.0, pos=array([0., 0.]), size=array([1.65, 1.  ]), texRes=512, units='height', win=Window(...))
83.5202 	INFO 	keyboard.Keyboard is using ptb backend.
83.8977 	EXP 	Created instru5 = ImageStim(__class__=<class 'psychopy.visual.image.ImageStim'>, autoLog=True, color=array([1., 1., 1.]), colorSpace='rgb', contrast=1.0, depth=0.0, flipHoriz=False, flipVert=False, image='instruction5.png', interpolate=True, mask=None, maskParams=None, name='instru5', opacity=1, ori=0.0, pos=array([0., 0.]), size=array([1.65, 1.  ]), texRes=512, units='height', win=Window(...))
84.2922 	INFO 	keyboard.Keyboard is using ptb backend.
84.6812 	EXP 	Created instru6 = ImageStim(__class__=<class 'psychopy.visual.image.ImageStim'>, autoLog=True, color=array([1., 1., 1.]), colorSpace='rgb', contrast=1.0, depth=0.0, flipHoriz=False, flipVert=False, image='instruction6.png', interpolate=True, mask=None, maskParams=None, name='instru6', opacity=1, ori=0.0, pos=array([0., 0.]), size=array([1.65, 1.  ]), texRes=512, units='height', win=Window(...))
85.0832 	INFO 	keyboard.Keyboard is using ptb backend.
85.4662 	EXP 	Created recap_instru = ImageStim(__class__=<class 'psychopy.visual.image.ImageStim'>, autoLog=True, color=array([1., 1., 1.]), colorSpace='rgb', contrast=1.0, depth=0.0, flipHoriz=False, flipVert=False, image='recap.png', interpolate=True, mask=None, maskParams=None, name='recap_instru', opacity=1, ori=0.0, pos=array([0., 0.]), size=array([1.65, 1.  ]), texRes=512, units='height', win=Window(...))
85.8648 	INFO 	keyboard.Keyboard is using ptb backend.
85.9135 	EXP 	Created fixation = TextStim(__class__=<class 'psychopy.visual.text.TextStim'>, alignHoriz=method-wrapper(...), alignText='center', alignVert=method-wrapper(...), anchorHoriz='center', anchorVert='center', antialias=True, autoLog=True, bold=False, color=array([1., 1., 1.]), colorSpace='rgb', contrast=1.0, depth=0.0, flipHoriz=False, flipVert=False, font='Arial', fontFiles=[], height=0.1, italic=False, languageStyle='LTR', name='fixation', opacity=1, ori=0, pos=array([0., 0.]), rgb=UNKNOWN, text='+', units='height', win=Window(...), wrapWidth=1)
85.9424 	EXP 	Created left_gabor = ImageStim(__class__=<class 'psychopy.visual.image.ImageStim'>, autoLog=True, color=array([1., 1., 1.]), colorSpace='rgb', contrast=1.0, depth=-1.0, flipHoriz=False, flipVert=False, image='gabor.png', interpolate=True, mask=None, maskParams=None, name='left_gabor', opacity=1, ori=1.0, pos=array([-0.25,  0.  ]), size=array([0.3, 0.3]), texRes=512, units='height', win=Window(...))
85.9577 	EXP 	Created right_gabor = ImageStim(__class__=<class 'psychopy.visual.image.ImageStim'>, autoLog=True, color=array([1., 1., 1.]), colorSpace='rgb', contrast=1.0, depth=-2.0, flipHoriz=False, flipVert=False, image='gabor.png', interpolate=True, mask=None, maskParams=None, name='right_gabor', opacity=1, ori=1.0, pos=array([0.25, 0.  ]), size=array([0.3, 0.3]), texRes=512, units='height', win=Window(...))
85.9613 	EXP 	Created fixation2 = TextStim(__class__=<class 'psychopy.visual.text.TextStim'>, alignHoriz=method-wrapper(...), alignText='center', alignVert=method-wrapper(...), anchorHoriz='center', anchorVert='center', antialias=True, autoLog=True, bold=False, color=array([1., 1., 1.]), colorSpace='rgb', contrast=1.0, depth=0.0, flipHoriz=False, flipVert=False, font='Arial', fontFiles=[], height=0.1, italic=False, languageStyle='LTR', name='fixation2', opacity=1, ori=0, pos=array([0., 0.]), rgb=UNKNOWN, text='+', units='height', win=Window(...), wrapWidth=1)
85.9763 	EXP 	Created left_distractor_prac = ImageStim(__class__=<class 'psychopy.visual.image.ImageStim'>, autoLog=True, color=array([1., 1., 1.]), colorSpace='rgb', contrast=1.0, depth=-1.0, flipHoriz=False, flipVert=False, image='gabor.png', interpolate=True, mask=None, maskParams=None, name='left_distractor_prac', opacity=1, ori=1.0, pos=array([-0.25,  0.  ]), size=array([0.3, 0.3]), texRes=512, units='height', win=Window(...))
85.9907 	EXP 	Created right_distractor_prac = ImageStim(__class__=<class 'psychopy.visual.image.ImageStim'>, autoLog=True, color=array([1., 1., 1.]), colorSpace='rgb', contrast=1.0, depth=-2.0, flipHoriz=False, flipVert=False, image='gabor.png', interpolate=True, mask=None, maskParams=None, name='right_distractor_prac', opacity=1, ori=1.0, pos=array([0.25, 0.  ]), size=array([0.3, 0.3]), texRes=512, units='height', win=Window(...))
86.0025 	EXP 	Created cue_text = TextStim(__class__=<class 'psychopy.visual.text.TextStim'>, alignHoriz=method-wrapper(...), alignText='center', alignVert=method-wrapper(...), anchorHoriz='center', anchorVert='center', antialias=True, autoLog=True, bold=False, color=array([1., 1., 1.]), colorSpace='rgb', contrast=1.0, depth=-1.0, flipHoriz=False, flipVert=False, font='Arial', fontFiles=[], height=0.1, italic=False, languageStyle='LTR', name='cue_text', opacity=1, ori=0, pos=array([0. , 0.2]), rgb=UNKNOWN, text='cue will be set in code', units='height', win=Window(...), wrapWidth=1)
86.0047 	EXP 	Created fixation3 = TextStim(__class__=<class 'psychopy.visual.text.TextStim'>, alignHoriz=method-wrapper(...), alignText='center', alignVert=method-wrapper(...), anchorHoriz='center', anchorVert='center', antialias=True, autoLog=True, bold=False, color=array([1., 1., 1.]), colorSpace='rgb', contrast=1.0, depth=-2.0, flipHoriz=False, flipVert=False, font='Arial', fontFiles=[], height=0.1, italic=False, languageStyle='LTR', name='fixation3', opacity=1, ori=0, pos=array([0., 0.]), rgb=UNKNOWN, text='+', units='height', win=Window(...), wrapWidth=1)
86.0149 	EXP 	Created cue_resp = TextStim(__class__=<class 'psychopy.visual.text.TextStim'>, alignHoriz=method-wrapper(...), alignText='center', alignVert=method-wrapper(...), anchorHoriz='center', anchorVert='center', antialias=True, autoLog=True, bold=False, color=array([1., 1., 1.]), colorSpace='rgb', contrast=1.0, depth=0.0, flipHoriz=False, flipVert=False, font='Arial', fontFiles=[], height=0.1, italic=False, languageStyle='LTR', name='cue_resp', opacity=1, ori=0, pos=array([0. , 0.2]), rgb=UNKNOWN, text='Any text\n\nincluding line breaks', units='height', win=Window(...), wrapWidth=1)
86.0304 	EXP 	Created probe = ImageStim(__class__=<class 'psychopy.visual.image.ImageStim'>, autoLog=True, color=array([1., 1., 1.]), colorSpace='rgb', contrast=1.0, depth=-1.0, flipHoriz=False, flipVert=False, image='gabor.png', interpolate=True, mask=None, maskParams=None, name='probe', opacity=1, ori=1.0, pos=array([0., 0.]), size=array([0.3, 0.3]), texRes=512, units='height', win=Window(...))
86.4353 	INFO 	keyboard.Keyboard is using ptb backend.
86.4354 	EXP 	window1: mouseVisible = True
86.4399 	EXP 	Created feedback_text = TextStim(__class__=<class 'psychopy.visual.text.TextStim'>, alignHoriz=method-wrapper(...), alignText='center', alignVert=method-wrapper(...), anchorHoriz='center', anchorVert='center', antialias=True, autoLog=True, bold=False, color=array([1., 1., 1.]), colorSpace='rgb', contrast=1.0, depth=-1.0, flipHoriz=False, flipVert=False, font='Arial', fontFiles=[], height=0.1, italic=False, languageStyle='LTR', name='feedback_text', opacity=1, ori=0, pos=array([0., 0.]), rgb=UNKNOWN, text='Any text\n\nincluding line breaks', units='height', win=Window(...), wrapWidth=1)
86.4418 	EXP 	Created buffer = TextStim(__class__=<class 'psychopy.visual.text.TextStim'>, alignHoriz=method-wrapper(...), alignText='center', alignVert=method-wrapper(...), anchorHoriz='center', anchorVert='center', antialias=True, autoLog=True, bold=False, color=array([1., 1., 1.]), colorSpace='rgb', contrast=1.0, depth=0.0, flipHoriz=False, flipVert=False, font='Arial', fontFiles=[], height=0.1, italic=False, languageStyle='LTR', name='buffer', opacity=1, ori=0, pos=array([0., 0.]), rgb=UNKNOWN, text='+', units='height', win=Window(...), wrapWidth=1)
86.4460 	EXP 	Created end_feedback_text = TextStim(__class__=<class 'psychopy.visual.text.TextStim'>, alignHoriz=method-wrapper(...), alignText='center', alignVert=method-wrapper(...), anchorHoriz='center', anchorVert='center', antialias=True, autoLog=True, bold=False, color=array([1., 1., 1.]), colorSpace='rgb', contrast=1.0, depth=-1.0, flipHoriz=False, flipVert=False, font='Arial', fontFiles=[], height=0.1, italic=False, languageStyle='LTR', name='end_feedback_text', opacity=1, ori=0, pos=array([0., 0.]), rgb=UNKNOWN, text='Any text\n\nincluding line breaks', units='height', win=Window(...), wrapWidth=1)
86.8408 	INFO 	keyboard.Keyboard is using ptb backend.
86.8649 	EXP 	Created begin_text = TextStim(__class__=<class 'psychopy.visual.text.TextStim'>, alignHoriz=method-wrapper(...), alignText='center', alignVert=method-wrapper(...), anchorHoriz='center', anchorVert='center', antialias=True, autoLog=True, bold=False, color=array([1., 1., 1.]), colorSpace='rgb', contrast=1.0, depth=0.0, flipHoriz=False, flipVert=False, font='Arial', fontFiles=[], height=0.08, italic=False, languageStyle='LTR', name='begin_text', opacity=1, ori=0, pos=array([0., 0.]), rgb=UNKNOWN, text=str(...), units='height', win=Window(...), wrapWidth=1)
87.2499 	INFO 	keyboard.Keyboard is using ptb backend.
87.2521 	EXP 	Created fix_cross = TextStim(__class__=<class 'psychopy.visual.text.TextStim'>, alignHoriz=method-wrapper(...), alignText='center', alignVert=method-wrapper(...), anchorHoriz='center', anchorVert='center', antialias=True, autoLog=True, bold=False, color=array([1., 1., 1.]), colorSpace='rgb', contrast=1.0, depth=0.0, flipHoriz=False, flipVert=False, font='Arial', fontFiles=[], height=0.1, italic=False, languageStyle='LTR', name='fix_cross', opacity=1, ori=0, pos=array([0., 0.]), rgb=UNKNOWN, text='+', units='height', win=Window(...), wrapWidth=1)
87.2677 	EXP 	Created left_target = ImageStim(__class__=<class 'psychopy.visual.image.ImageStim'>, autoLog=True, color=array([1., 1., 1.]), colorSpace='rgb', contrast=1.0, depth=-1.0, flipHoriz=False, flipVert=False, image='gabor.png', interpolate=True, mask=None, maskParams=None, name='left_target', opacity=1, ori=1.0, pos=array([-0.25,  0.  ]), size=array([0.3, 0.3]), texRes=512, units='height', win=Window(...))
87.2816 	EXP 	Created right_target = ImageStim(__class__=<class 'psychopy.visual.image.ImageStim'>, autoLog=True, color=array([1., 1., 1.]), colorSpace='rgb', contrast=1.0, depth=-2.0, flipHoriz=False, flipVert=False, image='gabor.png', interpolate=True, mask=None, maskParams=None, name='right_target', opacity=1, ori=1.0, pos=array([0.25, 0.  ]), size=array([0.3, 0.3]), texRes=512, units='height', win=Window(...))
87.8345 	EXP 	window1: mouseVisible = True
87.8354 	DEBUG 	Saving data for circle_rotation ExperimentHandler
87.8372 	INFO 	saved data to /Users/xitchen/Desktop/WM_Precision_thalap_EEG/data/444_circle_rotation_2022_Nov_08_0724.psydat
87.8377 	INFO 	saved data to '/Users/xitchen/Desktop/WM_Precision_thalap_EEG/data/444_circle_rotation_2022_Nov_08_0724.csv'
